<?xml version="1.0" encoding="UTF-8"?>
<testsuite xmlns:xsi="http://www.w3.org/2001/XMLSchema-instance" xsi:noNamespaceSchemaLocation="https://maven.apache.org/surefire/maven-surefire-plugin/xsd/surefire-test-report-3.0.xsd" version="3.0" name="com.webflux.boilerplate.controller.PersonControllerTest" time="2.741" tests="2" errors="0" skipped="0" failures="0">
  <properties>
    <property name="java.specification.version" value="21"/>
    <property name="sun.jnu.encoding" value="UTF-8"/>
    <property name="java.class.path" value="/Users/johnbrixpomoy/Documents/Github/spring-boot-webflux-boilerplate/target/test-classes:/Users/johnbrixpomoy/Documents/Github/spring-boot-webflux-boilerplate/target/classes:/Users/johnbrixpomoy/.m2/repository/org/springframework/boot/spring-boot-starter/3.4.5/spring-boot-starter-3.4.5.jar:/Users/johnbrixpomoy/.m2/repository/org/springframework/boot/spring-boot/3.4.5/spring-boot-3.4.5.jar:/Users/johnbrixpomoy/.m2/repository/org/springframework/spring-context/6.2.6/spring-context-6.2.6.jar:/Users/johnbrixpomoy/.m2/repository/org/springframework/spring-expression/6.2.6/spring-expression-6.2.6.jar:/Users/johnbrixpomoy/.m2/repository/org/springframework/boot/spring-boot-autoconfigure/3.4.5/spring-boot-autoconfigure-3.4.5.jar:/Users/johnbrixpomoy/.m2/repository/org/springframework/boot/spring-boot-starter-logging/3.4.5/spring-boot-starter-logging-3.4.5.jar:/Users/johnbrixpomoy/.m2/repository/org/apache/logging/log4j/log4j-to-slf4j/2.24.3/log4j-to-slf4j-2.24.3.jar:/Users/johnbrixpomoy/.m2/repository/org/apache/logging/log4j/log4j-api/2.24.3/log4j-api-2.24.3.jar:/Users/johnbrixpomoy/.m2/repository/org/slf4j/jul-to-slf4j/2.0.17/jul-to-slf4j-2.0.17.jar:/Users/johnbrixpomoy/.m2/repository/jakarta/annotation/jakarta.annotation-api/2.1.1/jakarta.annotation-api-2.1.1.jar:/Users/johnbrixpomoy/.m2/repository/org/springframework/spring-core/6.2.6/spring-core-6.2.6.jar:/Users/johnbrixpomoy/.m2/repository/org/springframework/spring-jcl/6.2.6/spring-jcl-6.2.6.jar:/Users/johnbrixpomoy/.m2/repository/org/yaml/snakeyaml/2.3/snakeyaml-2.3.jar:/Users/johnbrixpomoy/.m2/repository/org/projectlombok/lombok/1.18.38/lombok-1.18.38.jar:/Users/johnbrixpomoy/.m2/repository/org/springframework/boot/spring-boot-starter-test/3.4.5/spring-boot-starter-test-3.4.5.jar:/Users/johnbrixpomoy/.m2/repository/org/springframework/boot/spring-boot-test/3.4.5/spring-boot-test-3.4.5.jar:/Users/johnbrixpomoy/.m2/repository/org/springframework/boot/spring-boot-test-autoconfigure/3.4.5/spring-boot-test-autoconfigure-3.4.5.jar:/Users/johnbrixpomoy/.m2/repository/com/jayway/jsonpath/json-path/2.9.0/json-path-2.9.0.jar:/Users/johnbrixpomoy/.m2/repository/jakarta/xml/bind/jakarta.xml.bind-api/4.0.2/jakarta.xml.bind-api-4.0.2.jar:/Users/johnbrixpomoy/.m2/repository/jakarta/activation/jakarta.activation-api/2.1.3/jakarta.activation-api-2.1.3.jar:/Users/johnbrixpomoy/.m2/repository/net/minidev/json-smart/2.5.2/json-smart-2.5.2.jar:/Users/johnbrixpomoy/.m2/repository/net/minidev/accessors-smart/2.5.2/accessors-smart-2.5.2.jar:/Users/johnbrixpomoy/.m2/repository/org/assertj/assertj-core/3.26.3/assertj-core-3.26.3.jar:/Users/johnbrixpomoy/.m2/repository/net/bytebuddy/byte-buddy/1.15.11/byte-buddy-1.15.11.jar:/Users/johnbrixpomoy/.m2/repository/org/awaitility/awaitility/4.2.2/awaitility-4.2.2.jar:/Users/johnbrixpomoy/.m2/repository/org/hamcrest/hamcrest/2.2/hamcrest-2.2.jar:/Users/johnbrixpomoy/.m2/repository/org/junit/jupiter/junit-jupiter/5.11.4/junit-jupiter-5.11.4.jar:/Users/johnbrixpomoy/.m2/repository/org/junit/jupiter/junit-jupiter-api/5.11.4/junit-jupiter-api-5.11.4.jar:/Users/johnbrixpomoy/.m2/repository/org/opentest4j/opentest4j/1.3.0/opentest4j-1.3.0.jar:/Users/johnbrixpomoy/.m2/repository/org/junit/platform/junit-platform-commons/1.11.4/junit-platform-commons-1.11.4.jar:/Users/johnbrixpomoy/.m2/repository/org/apiguardian/apiguardian-api/1.1.2/apiguardian-api-1.1.2.jar:/Users/johnbrixpomoy/.m2/repository/org/junit/jupiter/junit-jupiter-params/5.11.4/junit-jupiter-params-5.11.4.jar:/Users/johnbrixpomoy/.m2/repository/org/junit/jupiter/junit-jupiter-engine/5.11.4/junit-jupiter-engine-5.11.4.jar:/Users/johnbrixpomoy/.m2/repository/org/junit/platform/junit-platform-engine/1.11.4/junit-platform-engine-1.11.4.jar:/Users/johnbrixpomoy/.m2/repository/org/mockito/mockito-core/5.14.2/mockito-core-5.14.2.jar:/Users/johnbrixpomoy/.m2/repository/net/bytebuddy/byte-buddy-agent/1.15.11/byte-buddy-agent-1.15.11.jar:/Users/johnbrixpomoy/.m2/repository/org/objenesis/objenesis/3.3/objenesis-3.3.jar:/Users/johnbrixpomoy/.m2/repository/org/mockito/mockito-junit-jupiter/5.14.2/mockito-junit-jupiter-5.14.2.jar:/Users/johnbrixpomoy/.m2/repository/org/skyscreamer/jsonassert/1.5.3/jsonassert-1.5.3.jar:/Users/johnbrixpomoy/.m2/repository/com/vaadin/external/google/android-json/0.0.20131108.vaadin1/android-json-0.0.20131108.vaadin1.jar:/Users/johnbrixpomoy/.m2/repository/org/springframework/spring-test/6.2.6/spring-test-6.2.6.jar:/Users/johnbrixpomoy/.m2/repository/org/xmlunit/xmlunit-core/2.10.0/xmlunit-core-2.10.0.jar:/Users/johnbrixpomoy/.m2/repository/org/springframework/boot/spring-boot-starter-data-jpa/3.4.5/spring-boot-starter-data-jpa-3.4.5.jar:/Users/johnbrixpomoy/.m2/repository/org/springframework/boot/spring-boot-starter-jdbc/3.4.5/spring-boot-starter-jdbc-3.4.5.jar:/Users/johnbrixpomoy/.m2/repository/com/zaxxer/HikariCP/5.1.0/HikariCP-5.1.0.jar:/Users/johnbrixpomoy/.m2/repository/org/springframework/spring-jdbc/6.2.6/spring-jdbc-6.2.6.jar:/Users/johnbrixpomoy/.m2/repository/org/hibernate/orm/hibernate-core/6.6.13.Final/hibernate-core-6.6.13.Final.jar:/Users/johnbrixpomoy/.m2/repository/jakarta/persistence/jakarta.persistence-api/3.1.0/jakarta.persistence-api-3.1.0.jar:/Users/johnbrixpomoy/.m2/repository/jakarta/transaction/jakarta.transaction-api/2.0.1/jakarta.transaction-api-2.0.1.jar:/Users/johnbrixpomoy/.m2/repository/org/jboss/logging/jboss-logging/3.6.1.Final/jboss-logging-3.6.1.Final.jar:/Users/johnbrixpomoy/.m2/repository/org/hibernate/common/hibernate-commons-annotations/7.0.3.Final/hibernate-commons-annotations-7.0.3.Final.jar:/Users/johnbrixpomoy/.m2/repository/io/smallrye/jandex/3.2.0/jandex-3.2.0.jar:/Users/johnbrixpomoy/.m2/repository/com/fasterxml/classmate/1.7.0/classmate-1.7.0.jar:/Users/johnbrixpomoy/.m2/repository/org/glassfish/jaxb/jaxb-runtime/4.0.5/jaxb-runtime-4.0.5.jar:/Users/johnbrixpomoy/.m2/repository/org/glassfish/jaxb/jaxb-core/4.0.5/jaxb-core-4.0.5.jar:/Users/johnbrixpomoy/.m2/repository/org/eclipse/angus/angus-activation/2.0.2/angus-activation-2.0.2.jar:/Users/johnbrixpomoy/.m2/repository/org/glassfish/jaxb/txw2/4.0.5/txw2-4.0.5.jar:/Users/johnbrixpomoy/.m2/repository/com/sun/istack/istack-commons-runtime/4.1.2/istack-commons-runtime-4.1.2.jar:/Users/johnbrixpomoy/.m2/repository/jakarta/inject/jakarta.inject-api/2.0.1/jakarta.inject-api-2.0.1.jar:/Users/johnbrixpomoy/.m2/repository/org/antlr/antlr4-runtime/4.13.0/antlr4-runtime-4.13.0.jar:/Users/johnbrixpomoy/.m2/repository/org/springframework/data/spring-data-jpa/3.4.5/spring-data-jpa-3.4.5.jar:/Users/johnbrixpomoy/.m2/repository/org/springframework/data/spring-data-commons/3.4.5/spring-data-commons-3.4.5.jar:/Users/johnbrixpomoy/.m2/repository/org/springframework/spring-orm/6.2.6/spring-orm-6.2.6.jar:/Users/johnbrixpomoy/.m2/repository/org/springframework/spring-aop/6.2.6/spring-aop-6.2.6.jar:/Users/johnbrixpomoy/.m2/repository/org/springframework/spring-tx/6.2.6/spring-tx-6.2.6.jar:/Users/johnbrixpomoy/.m2/repository/org/springframework/spring-beans/6.2.6/spring-beans-6.2.6.jar:/Users/johnbrixpomoy/.m2/repository/org/springframework/spring-aspects/6.2.6/spring-aspects-6.2.6.jar:/Users/johnbrixpomoy/.m2/repository/org/aspectj/aspectjweaver/1.9.24/aspectjweaver-1.9.24.jar:/Users/johnbrixpomoy/.m2/repository/org/springframework/boot/spring-boot-starter-webflux/3.4.5/spring-boot-starter-webflux-3.4.5.jar:/Users/johnbrixpomoy/.m2/repository/org/springframework/boot/spring-boot-starter-json/3.4.5/spring-boot-starter-json-3.4.5.jar:/Users/johnbrixpomoy/.m2/repository/com/fasterxml/jackson/datatype/jackson-datatype-jdk8/2.18.3/jackson-datatype-jdk8-2.18.3.jar:/Users/johnbrixpomoy/.m2/repository/com/fasterxml/jackson/datatype/jackson-datatype-jsr310/2.18.3/jackson-datatype-jsr310-2.18.3.jar:/Users/johnbrixpomoy/.m2/repository/com/fasterxml/jackson/module/jackson-module-parameter-names/2.18.3/jackson-module-parameter-names-2.18.3.jar:/Users/johnbrixpomoy/.m2/repository/org/springframework/boot/spring-boot-starter-reactor-netty/3.4.5/spring-boot-starter-reactor-netty-3.4.5.jar:/Users/johnbrixpomoy/.m2/repository/io/projectreactor/netty/reactor-netty-http/1.2.5/reactor-netty-http-1.2.5.jar:/Users/johnbrixpomoy/.m2/repository/io/netty/netty-codec-http/4.1.119.Final/netty-codec-http-4.1.119.Final.jar:/Users/johnbrixpomoy/.m2/repository/io/netty/netty-common/4.1.119.Final/netty-common-4.1.119.Final.jar:/Users/johnbrixpomoy/.m2/repository/io/netty/netty-buffer/4.1.119.Final/netty-buffer-4.1.119.Final.jar:/Users/johnbrixpomoy/.m2/repository/io/netty/netty-transport/4.1.119.Final/netty-transport-4.1.119.Final.jar:/Users/johnbrixpomoy/.m2/repository/io/netty/netty-codec/4.1.119.Final/netty-codec-4.1.119.Final.jar:/Users/johnbrixpomoy/.m2/repository/io/netty/netty-codec-http2/4.1.119.Final/netty-codec-http2-4.1.119.Final.jar:/Users/johnbrixpomoy/.m2/repository/io/netty/netty-resolver-dns/4.1.119.Final/netty-resolver-dns-4.1.119.Final.jar:/Users/johnbrixpomoy/.m2/repository/io/netty/netty-resolver/4.1.119.Final/netty-resolver-4.1.119.Final.jar:/Users/johnbrixpomoy/.m2/repository/io/netty/netty-codec-dns/4.1.119.Final/netty-codec-dns-4.1.119.Final.jar:/Users/johnbrixpomoy/.m2/repository/io/netty/netty-resolver-dns-native-macos/4.1.119.Final/netty-resolver-dns-native-macos-4.1.119.Final-osx-x86_64.jar:/Users/johnbrixpomoy/.m2/repository/io/netty/netty-resolver-dns-classes-macos/4.1.119.Final/netty-resolver-dns-classes-macos-4.1.119.Final.jar:/Users/johnbrixpomoy/.m2/repository/io/netty/netty-transport-native-epoll/4.1.119.Final/netty-transport-native-epoll-4.1.119.Final-linux-x86_64.jar:/Users/johnbrixpomoy/.m2/repository/io/netty/netty-transport-native-unix-common/4.1.119.Final/netty-transport-native-unix-common-4.1.119.Final.jar:/Users/johnbrixpomoy/.m2/repository/io/netty/netty-transport-classes-epoll/4.1.119.Final/netty-transport-classes-epoll-4.1.119.Final.jar:/Users/johnbrixpomoy/.m2/repository/org/springframework/spring-web/6.2.6/spring-web-6.2.6.jar:/Users/johnbrixpomoy/.m2/repository/org/springframework/spring-webflux/6.2.6/spring-webflux-6.2.6.jar:/Users/johnbrixpomoy/.m2/repository/org/springframework/boot/spring-boot-starter-actuator/3.4.5/spring-boot-starter-actuator-3.4.5.jar:/Users/johnbrixpomoy/.m2/repository/org/springframework/boot/spring-boot-actuator-autoconfigure/3.4.5/spring-boot-actuator-autoconfigure-3.4.5.jar:/Users/johnbrixpomoy/.m2/repository/org/springframework/boot/spring-boot-actuator/3.4.5/spring-boot-actuator-3.4.5.jar:/Users/johnbrixpomoy/.m2/repository/io/micrometer/micrometer-observation/1.14.6/micrometer-observation-1.14.6.jar:/Users/johnbrixpomoy/.m2/repository/io/micrometer/micrometer-commons/1.14.6/micrometer-commons-1.14.6.jar:/Users/johnbrixpomoy/.m2/repository/io/micrometer/micrometer-jakarta9/1.14.6/micrometer-jakarta9-1.14.6.jar:/Users/johnbrixpomoy/.m2/repository/io/micrometer/micrometer-core/1.14.6/micrometer-core-1.14.6.jar:/Users/johnbrixpomoy/.m2/repository/org/hdrhistogram/HdrHistogram/2.2.2/HdrHistogram-2.2.2.jar:/Users/johnbrixpomoy/.m2/repository/org/latencyutils/LatencyUtils/2.0.3/LatencyUtils-2.0.3.jar:/Users/johnbrixpomoy/.m2/repository/io/reactivex/rxjava3/rxjava/3.1.2/rxjava-3.1.2.jar:/Users/johnbrixpomoy/.m2/repository/org/reactivestreams/reactive-streams/1.0.4/reactive-streams-1.0.4.jar:/Users/johnbrixpomoy/.m2/repository/io/projectreactor/reactor-test/3.2.3.RELEASE/reactor-test-3.2.3.RELEASE.jar:/Users/johnbrixpomoy/.m2/repository/io/projectreactor/reactor-core/3.7.5/reactor-core-3.7.5.jar:/Users/johnbrixpomoy/.m2/repository/io/projectreactor/addons/reactor-adapter/3.5.2/reactor-adapter-3.5.2.jar:/Users/johnbrixpomoy/.m2/repository/com/github/tomakehurst/wiremock-jre8/2.35.0/wiremock-jre8-2.35.0.jar:/Users/johnbrixpomoy/.m2/repository/org/eclipse/jetty/jetty-server/12.0.19/jetty-server-12.0.19.jar:/Users/johnbrixpomoy/.m2/repository/org/eclipse/jetty/jetty-http/12.0.19/jetty-http-12.0.19.jar:/Users/johnbrixpomoy/.m2/repository/org/eclipse/jetty/jetty-io/12.0.19/jetty-io-12.0.19.jar:/Users/johnbrixpomoy/.m2/repository/org/eclipse/jetty/jetty-servlet/9.4.49.v20220914/jetty-servlet-9.4.49.v20220914.jar:/Users/johnbrixpomoy/.m2/repository/org/eclipse/jetty/jetty-security/12.0.19/jetty-security-12.0.19.jar:/Users/johnbrixpomoy/.m2/repository/org/eclipse/jetty/jetty-util-ajax/12.0.19/jetty-util-ajax-12.0.19.jar:/Users/johnbrixpomoy/.m2/repository/org/eclipse/jetty/jetty-servlets/9.4.49.v20220914/jetty-servlets-9.4.49.v20220914.jar:/Users/johnbrixpomoy/.m2/repository/org/eclipse/jetty/jetty-continuation/9.4.49.v20220914/jetty-continuation-9.4.49.v20220914.jar:/Users/johnbrixpomoy/.m2/repository/org/eclipse/jetty/jetty-util/12.0.19/jetty-util-12.0.19.jar:/Users/johnbrixpomoy/.m2/repository/org/eclipse/jetty/jetty-webapp/9.4.49.v20220914/jetty-webapp-9.4.49.v20220914.jar:/Users/johnbrixpomoy/.m2/repository/org/eclipse/jetty/jetty-xml/12.0.19/jetty-xml-12.0.19.jar:/Users/johnbrixpomoy/.m2/repository/org/eclipse/jetty/jetty-proxy/12.0.19/jetty-proxy-12.0.19.jar:/Users/johnbrixpomoy/.m2/repository/org/eclipse/jetty/jetty-client/12.0.19/jetty-client-12.0.19.jar:/Users/johnbrixpomoy/.m2/repository/org/eclipse/jetty/http2/http2-server/9.4.49.v20220914/http2-server-9.4.49.v20220914.jar:/Users/johnbrixpomoy/.m2/repository/org/eclipse/jetty/http2/http2-common/9.4.49.v20220914/http2-common-9.4.49.v20220914.jar:/Users/johnbrixpomoy/.m2/repository/org/eclipse/jetty/http2/http2-hpack/9.4.49.v20220914/http2-hpack-9.4.49.v20220914.jar:/Users/johnbrixpomoy/.m2/repository/org/eclipse/jetty/jetty-alpn-server/12.0.19/jetty-alpn-server-12.0.19.jar:/Users/johnbrixpomoy/.m2/repository/org/eclipse/jetty/jetty-alpn-java-server/12.0.19/jetty-alpn-java-server-12.0.19.jar:/Users/johnbrixpomoy/.m2/repository/org/eclipse/jetty/jetty-alpn-openjdk8-server/9.4.49.v20220914/jetty-alpn-openjdk8-server-9.4.49.v20220914.jar:/Users/johnbrixpomoy/.m2/repository/org/eclipse/jetty/jetty-alpn-java-client/12.0.19/jetty-alpn-java-client-12.0.19.jar:/Users/johnbrixpomoy/.m2/repository/org/eclipse/jetty/jetty-alpn-client/12.0.19/jetty-alpn-client-12.0.19.jar:/Users/johnbrixpomoy/.m2/repository/org/eclipse/jetty/jetty-alpn-openjdk8-client/9.4.49.v20220914/jetty-alpn-openjdk8-client-9.4.49.v20220914.jar:/Users/johnbrixpomoy/.m2/repository/com/google/guava/guava/31.1-jre/guava-31.1-jre.jar:/Users/johnbrixpomoy/.m2/repository/com/google/guava/failureaccess/1.0.1/failureaccess-1.0.1.jar:/Users/johnbrixpomoy/.m2/repository/com/google/guava/listenablefuture/9999.0-empty-to-avoid-conflict-with-guava/listenablefuture-9999.0-empty-to-avoid-conflict-with-guava.jar:/Users/johnbrixpomoy/.m2/repository/com/google/code/findbugs/jsr305/3.0.2/jsr305-3.0.2.jar:/Users/johnbrixpomoy/.m2/repository/org/checkerframework/checker-qual/3.12.0/checker-qual-3.12.0.jar:/Users/johnbrixpomoy/.m2/repository/com/google/errorprone/error_prone_annotations/2.11.0/error_prone_annotations-2.11.0.jar:/Users/johnbrixpomoy/.m2/repository/com/google/j2objc/j2objc-annotations/1.3/j2objc-annotations-1.3.jar:/Users/johnbrixpomoy/.m2/repository/com/fasterxml/jackson/core/jackson-core/2.18.3/jackson-core-2.18.3.jar:/Users/johnbrixpomoy/.m2/repository/com/fasterxml/jackson/core/jackson-annotations/2.18.3/jackson-annotations-2.18.3.jar:/Users/johnbrixpomoy/.m2/repository/com/fasterxml/jackson/core/jackson-databind/2.18.3/jackson-databind-2.18.3.jar:/Users/johnbrixpomoy/.m2/repository/org/apache/httpcomponents/client5/httpclient5/5.4.3/httpclient5-5.4.3.jar:/Users/johnbrixpomoy/.m2/repository/org/apache/httpcomponents/core5/httpcore5/5.3.4/httpcore5-5.3.4.jar:/Users/johnbrixpomoy/.m2/repository/org/apache/httpcomponents/core5/httpcore5-h2/5.3.4/httpcore5-h2-5.3.4.jar:/Users/johnbrixpomoy/.m2/repository/org/xmlunit/xmlunit-legacy/2.10.0/xmlunit-legacy-2.10.0.jar:/Users/johnbrixpomoy/.m2/repository/org/xmlunit/xmlunit-placeholders/2.10.0/xmlunit-placeholders-2.10.0.jar:/Users/johnbrixpomoy/.m2/repository/net/javacrumbs/json-unit/json-unit-core/2.36.0/json-unit-core-2.36.0.jar:/Users/johnbrixpomoy/.m2/repository/org/hamcrest/hamcrest-core/2.2/hamcrest-core-2.2.jar:/Users/johnbrixpomoy/.m2/repository/org/ow2/asm/asm/9.4/asm-9.4.jar:/Users/johnbrixpomoy/.m2/repository/net/sf/jopt-simple/jopt-simple/5.0.4/jopt-simple-5.0.4.jar:/Users/johnbrixpomoy/.m2/repository/org/apache/commons/commons-lang3/3.17.0/commons-lang3-3.17.0.jar:/Users/johnbrixpomoy/.m2/repository/com/github/jknack/handlebars/4.3.1/handlebars-4.3.1.jar:/Users/johnbrixpomoy/.m2/repository/com/github/jknack/handlebars-helpers/4.3.1/handlebars-helpers-4.3.1.jar:/Users/johnbrixpomoy/.m2/repository/commons-fileupload/commons-fileupload/1.4/commons-fileupload-1.4.jar:/Users/johnbrixpomoy/.m2/repository/commons-io/commons-io/2.11.0/commons-io-2.11.0.jar:/Users/johnbrixpomoy/.m2/repository/org/springframework/boot/spring-boot-starter-data-r2dbc/3.4.5/spring-boot-starter-data-r2dbc-3.4.5.jar:/Users/johnbrixpomoy/.m2/repository/org/springframework/data/spring-data-r2dbc/3.4.5/spring-data-r2dbc-3.4.5.jar:/Users/johnbrixpomoy/.m2/repository/org/springframework/data/spring-data-relational/3.4.5/spring-data-relational-3.4.5.jar:/Users/johnbrixpomoy/.m2/repository/org/springframework/spring-r2dbc/6.2.6/spring-r2dbc-6.2.6.jar:/Users/johnbrixpomoy/.m2/repository/io/r2dbc/r2dbc-spi/1.0.0.RELEASE/r2dbc-spi-1.0.0.RELEASE.jar:/Users/johnbrixpomoy/.m2/repository/io/r2dbc/r2dbc-pool/1.0.2.RELEASE/r2dbc-pool-1.0.2.RELEASE.jar:/Users/johnbrixpomoy/.m2/repository/io/projectreactor/addons/reactor-pool/1.1.2/reactor-pool-1.1.2.jar:/Users/johnbrixpomoy/.m2/repository/dev/miku/r2dbc-mysql/0.8.2.RELEASE/r2dbc-mysql-0.8.2.RELEASE.jar:/Users/johnbrixpomoy/.m2/repository/io/projectreactor/addons/reactor-extra/3.5.2/reactor-extra-3.5.2.jar:/Users/johnbrixpomoy/.m2/repository/io/projectreactor/netty/reactor-netty/1.2.5/reactor-netty-1.2.5.jar:/Users/johnbrixpomoy/.m2/repository/io/projectreactor/netty/reactor-netty-core/1.2.5/reactor-netty-core-1.2.5.jar:/Users/johnbrixpomoy/.m2/repository/io/netty/netty-handler/4.1.119.Final/netty-handler-4.1.119.Final.jar:/Users/johnbrixpomoy/.m2/repository/io/netty/netty-handler-proxy/4.1.119.Final/netty-handler-proxy-4.1.119.Final.jar:/Users/johnbrixpomoy/.m2/repository/io/netty/netty-codec-socks/4.1.119.Final/netty-codec-socks-4.1.119.Final.jar:/Users/johnbrixpomoy/.m2/repository/io/projectreactor/netty/incubator/reactor-netty-incubator-quic/0.2.5/reactor-netty-incubator-quic-0.2.5.jar:/Users/johnbrixpomoy/.m2/repository/io/netty/incubator/netty-incubator-codec-native-quic/0.0.71.Final/netty-incubator-codec-native-quic-0.0.71.Final-linux-x86_64.jar:/Users/johnbrixpomoy/.m2/repository/io/netty/incubator/netty-incubator-codec-classes-quic/0.0.71.Final/netty-incubator-codec-classes-quic-0.0.71.Final.jar:/Users/johnbrixpomoy/.m2/repository/org/mapstruct/mapstruct/1.5.5.Final/mapstruct-1.5.5.Final.jar:/Users/johnbrixpomoy/.m2/repository/org/mapstruct/mapstruct-processor/1.5.5.Final/mapstruct-processor-1.5.5.Final.jar:/Users/johnbrixpomoy/.m2/repository/org/mapstruct/mapstruct-jdk8/1.5.5.Final/mapstruct-jdk8-1.5.5.Final.jar:/Users/johnbrixpomoy/.m2/repository/org/projectlombok/lombok-mapstruct-binding/0.2.0/lombok-mapstruct-binding-0.2.0.jar:/Users/johnbrixpomoy/.m2/repository/ch/qos/logback/logback-classic/1.5.18/logback-classic-1.5.18.jar:/Users/johnbrixpomoy/.m2/repository/ch/qos/logback/logback-core/1.5.18/logback-core-1.5.18.jar:/Users/johnbrixpomoy/.m2/repository/org/slf4j/slf4j-api/2.0.17/slf4j-api-2.0.17.jar:"/>
    <property name="java.vm.vendor" value="Oracle Corporation"/>
    <property name="sun.arch.data.model" value="64"/>
    <property name="java.vendor.url" value="https://java.oracle.com/"/>
    <property name="user.timezone" value="Asia/Manila"/>
    <property name="org.jboss.logging.provider" value="slf4j"/>
    <property name="os.name" value="Mac OS X"/>
    <property name="java.vm.specification.version" value="21"/>
    <property name="APPLICATION_NAME" value="Boileplate-for-Reactive-Programming"/>
    <property name="sun.java.launcher" value="SUN_STANDARD"/>
    <property name="user.country" value="PH"/>
    <property name="sun.boot.library.path" value="/Library/Java/JavaVirtualMachines/jdk-21.jdk/Contents/Home/lib"/>
    <property name="sun.java.command" value="/Users/johnbrixpomoy/Documents/Github/spring-boot-webflux-boilerplate/target/surefire/surefirebooter5121612861168309205.jar /Users/johnbrixpomoy/Documents/Github/spring-boot-webflux-boilerplate/target/surefire 2025-05-21T04-21-32_166-jvmRun1 surefire1429712681168149365tmp surefire_017131458003069150519tmp"/>
    <property name="http.nonProxyHosts" value="local|*.local|169.254/16|*.169.254/16"/>
    <property name="jdk.debug" value="release"/>
    <property name="surefire.test.class.path" value="/Users/johnbrixpomoy/Documents/Github/spring-boot-webflux-boilerplate/target/test-classes:/Users/johnbrixpomoy/Documents/Github/spring-boot-webflux-boilerplate/target/classes:/Users/johnbrixpomoy/.m2/repository/org/springframework/boot/spring-boot-starter/3.4.5/spring-boot-starter-3.4.5.jar:/Users/johnbrixpomoy/.m2/repository/org/springframework/boot/spring-boot/3.4.5/spring-boot-3.4.5.jar:/Users/johnbrixpomoy/.m2/repository/org/springframework/spring-context/6.2.6/spring-context-6.2.6.jar:/Users/johnbrixpomoy/.m2/repository/org/springframework/spring-expression/6.2.6/spring-expression-6.2.6.jar:/Users/johnbrixpomoy/.m2/repository/org/springframework/boot/spring-boot-autoconfigure/3.4.5/spring-boot-autoconfigure-3.4.5.jar:/Users/johnbrixpomoy/.m2/repository/org/springframework/boot/spring-boot-starter-logging/3.4.5/spring-boot-starter-logging-3.4.5.jar:/Users/johnbrixpomoy/.m2/repository/org/apache/logging/log4j/log4j-to-slf4j/2.24.3/log4j-to-slf4j-2.24.3.jar:/Users/johnbrixpomoy/.m2/repository/org/apache/logging/log4j/log4j-api/2.24.3/log4j-api-2.24.3.jar:/Users/johnbrixpomoy/.m2/repository/org/slf4j/jul-to-slf4j/2.0.17/jul-to-slf4j-2.0.17.jar:/Users/johnbrixpomoy/.m2/repository/jakarta/annotation/jakarta.annotation-api/2.1.1/jakarta.annotation-api-2.1.1.jar:/Users/johnbrixpomoy/.m2/repository/org/springframework/spring-core/6.2.6/spring-core-6.2.6.jar:/Users/johnbrixpomoy/.m2/repository/org/springframework/spring-jcl/6.2.6/spring-jcl-6.2.6.jar:/Users/johnbrixpomoy/.m2/repository/org/yaml/snakeyaml/2.3/snakeyaml-2.3.jar:/Users/johnbrixpomoy/.m2/repository/org/projectlombok/lombok/1.18.38/lombok-1.18.38.jar:/Users/johnbrixpomoy/.m2/repository/org/springframework/boot/spring-boot-starter-test/3.4.5/spring-boot-starter-test-3.4.5.jar:/Users/johnbrixpomoy/.m2/repository/org/springframework/boot/spring-boot-test/3.4.5/spring-boot-test-3.4.5.jar:/Users/johnbrixpomoy/.m2/repository/org/springframework/boot/spring-boot-test-autoconfigure/3.4.5/spring-boot-test-autoconfigure-3.4.5.jar:/Users/johnbrixpomoy/.m2/repository/com/jayway/jsonpath/json-path/2.9.0/json-path-2.9.0.jar:/Users/johnbrixpomoy/.m2/repository/jakarta/xml/bind/jakarta.xml.bind-api/4.0.2/jakarta.xml.bind-api-4.0.2.jar:/Users/johnbrixpomoy/.m2/repository/jakarta/activation/jakarta.activation-api/2.1.3/jakarta.activation-api-2.1.3.jar:/Users/johnbrixpomoy/.m2/repository/net/minidev/json-smart/2.5.2/json-smart-2.5.2.jar:/Users/johnbrixpomoy/.m2/repository/net/minidev/accessors-smart/2.5.2/accessors-smart-2.5.2.jar:/Users/johnbrixpomoy/.m2/repository/org/assertj/assertj-core/3.26.3/assertj-core-3.26.3.jar:/Users/johnbrixpomoy/.m2/repository/net/bytebuddy/byte-buddy/1.15.11/byte-buddy-1.15.11.jar:/Users/johnbrixpomoy/.m2/repository/org/awaitility/awaitility/4.2.2/awaitility-4.2.2.jar:/Users/johnbrixpomoy/.m2/repository/org/hamcrest/hamcrest/2.2/hamcrest-2.2.jar:/Users/johnbrixpomoy/.m2/repository/org/junit/jupiter/junit-jupiter/5.11.4/junit-jupiter-5.11.4.jar:/Users/johnbrixpomoy/.m2/repository/org/junit/jupiter/junit-jupiter-api/5.11.4/junit-jupiter-api-5.11.4.jar:/Users/johnbrixpomoy/.m2/repository/org/opentest4j/opentest4j/1.3.0/opentest4j-1.3.0.jar:/Users/johnbrixpomoy/.m2/repository/org/junit/platform/junit-platform-commons/1.11.4/junit-platform-commons-1.11.4.jar:/Users/johnbrixpomoy/.m2/repository/org/apiguardian/apiguardian-api/1.1.2/apiguardian-api-1.1.2.jar:/Users/johnbrixpomoy/.m2/repository/org/junit/jupiter/junit-jupiter-params/5.11.4/junit-jupiter-params-5.11.4.jar:/Users/johnbrixpomoy/.m2/repository/org/junit/jupiter/junit-jupiter-engine/5.11.4/junit-jupiter-engine-5.11.4.jar:/Users/johnbrixpomoy/.m2/repository/org/junit/platform/junit-platform-engine/1.11.4/junit-platform-engine-1.11.4.jar:/Users/johnbrixpomoy/.m2/repository/org/mockito/mockito-core/5.14.2/mockito-core-5.14.2.jar:/Users/johnbrixpomoy/.m2/repository/net/bytebuddy/byte-buddy-agent/1.15.11/byte-buddy-agent-1.15.11.jar:/Users/johnbrixpomoy/.m2/repository/org/objenesis/objenesis/3.3/objenesis-3.3.jar:/Users/johnbrixpomoy/.m2/repository/org/mockito/mockito-junit-jupiter/5.14.2/mockito-junit-jupiter-5.14.2.jar:/Users/johnbrixpomoy/.m2/repository/org/skyscreamer/jsonassert/1.5.3/jsonassert-1.5.3.jar:/Users/johnbrixpomoy/.m2/repository/com/vaadin/external/google/android-json/0.0.20131108.vaadin1/android-json-0.0.20131108.vaadin1.jar:/Users/johnbrixpomoy/.m2/repository/org/springframework/spring-test/6.2.6/spring-test-6.2.6.jar:/Users/johnbrixpomoy/.m2/repository/org/xmlunit/xmlunit-core/2.10.0/xmlunit-core-2.10.0.jar:/Users/johnbrixpomoy/.m2/repository/org/springframework/boot/spring-boot-starter-data-jpa/3.4.5/spring-boot-starter-data-jpa-3.4.5.jar:/Users/johnbrixpomoy/.m2/repository/org/springframework/boot/spring-boot-starter-jdbc/3.4.5/spring-boot-starter-jdbc-3.4.5.jar:/Users/johnbrixpomoy/.m2/repository/com/zaxxer/HikariCP/5.1.0/HikariCP-5.1.0.jar:/Users/johnbrixpomoy/.m2/repository/org/springframework/spring-jdbc/6.2.6/spring-jdbc-6.2.6.jar:/Users/johnbrixpomoy/.m2/repository/org/hibernate/orm/hibernate-core/6.6.13.Final/hibernate-core-6.6.13.Final.jar:/Users/johnbrixpomoy/.m2/repository/jakarta/persistence/jakarta.persistence-api/3.1.0/jakarta.persistence-api-3.1.0.jar:/Users/johnbrixpomoy/.m2/repository/jakarta/transaction/jakarta.transaction-api/2.0.1/jakarta.transaction-api-2.0.1.jar:/Users/johnbrixpomoy/.m2/repository/org/jboss/logging/jboss-logging/3.6.1.Final/jboss-logging-3.6.1.Final.jar:/Users/johnbrixpomoy/.m2/repository/org/hibernate/common/hibernate-commons-annotations/7.0.3.Final/hibernate-commons-annotations-7.0.3.Final.jar:/Users/johnbrixpomoy/.m2/repository/io/smallrye/jandex/3.2.0/jandex-3.2.0.jar:/Users/johnbrixpomoy/.m2/repository/com/fasterxml/classmate/1.7.0/classmate-1.7.0.jar:/Users/johnbrixpomoy/.m2/repository/org/glassfish/jaxb/jaxb-runtime/4.0.5/jaxb-runtime-4.0.5.jar:/Users/johnbrixpomoy/.m2/repository/org/glassfish/jaxb/jaxb-core/4.0.5/jaxb-core-4.0.5.jar:/Users/johnbrixpomoy/.m2/repository/org/eclipse/angus/angus-activation/2.0.2/angus-activation-2.0.2.jar:/Users/johnbrixpomoy/.m2/repository/org/glassfish/jaxb/txw2/4.0.5/txw2-4.0.5.jar:/Users/johnbrixpomoy/.m2/repository/com/sun/istack/istack-commons-runtime/4.1.2/istack-commons-runtime-4.1.2.jar:/Users/johnbrixpomoy/.m2/repository/jakarta/inject/jakarta.inject-api/2.0.1/jakarta.inject-api-2.0.1.jar:/Users/johnbrixpomoy/.m2/repository/org/antlr/antlr4-runtime/4.13.0/antlr4-runtime-4.13.0.jar:/Users/johnbrixpomoy/.m2/repository/org/springframework/data/spring-data-jpa/3.4.5/spring-data-jpa-3.4.5.jar:/Users/johnbrixpomoy/.m2/repository/org/springframework/data/spring-data-commons/3.4.5/spring-data-commons-3.4.5.jar:/Users/johnbrixpomoy/.m2/repository/org/springframework/spring-orm/6.2.6/spring-orm-6.2.6.jar:/Users/johnbrixpomoy/.m2/repository/org/springframework/spring-aop/6.2.6/spring-aop-6.2.6.jar:/Users/johnbrixpomoy/.m2/repository/org/springframework/spring-tx/6.2.6/spring-tx-6.2.6.jar:/Users/johnbrixpomoy/.m2/repository/org/springframework/spring-beans/6.2.6/spring-beans-6.2.6.jar:/Users/johnbrixpomoy/.m2/repository/org/springframework/spring-aspects/6.2.6/spring-aspects-6.2.6.jar:/Users/johnbrixpomoy/.m2/repository/org/aspectj/aspectjweaver/1.9.24/aspectjweaver-1.9.24.jar:/Users/johnbrixpomoy/.m2/repository/org/springframework/boot/spring-boot-starter-webflux/3.4.5/spring-boot-starter-webflux-3.4.5.jar:/Users/johnbrixpomoy/.m2/repository/org/springframework/boot/spring-boot-starter-json/3.4.5/spring-boot-starter-json-3.4.5.jar:/Users/johnbrixpomoy/.m2/repository/com/fasterxml/jackson/datatype/jackson-datatype-jdk8/2.18.3/jackson-datatype-jdk8-2.18.3.jar:/Users/johnbrixpomoy/.m2/repository/com/fasterxml/jackson/datatype/jackson-datatype-jsr310/2.18.3/jackson-datatype-jsr310-2.18.3.jar:/Users/johnbrixpomoy/.m2/repository/com/fasterxml/jackson/module/jackson-module-parameter-names/2.18.3/jackson-module-parameter-names-2.18.3.jar:/Users/johnbrixpomoy/.m2/repository/org/springframework/boot/spring-boot-starter-reactor-netty/3.4.5/spring-boot-starter-reactor-netty-3.4.5.jar:/Users/johnbrixpomoy/.m2/repository/io/projectreactor/netty/reactor-netty-http/1.2.5/reactor-netty-http-1.2.5.jar:/Users/johnbrixpomoy/.m2/repository/io/netty/netty-codec-http/4.1.119.Final/netty-codec-http-4.1.119.Final.jar:/Users/johnbrixpomoy/.m2/repository/io/netty/netty-common/4.1.119.Final/netty-common-4.1.119.Final.jar:/Users/johnbrixpomoy/.m2/repository/io/netty/netty-buffer/4.1.119.Final/netty-buffer-4.1.119.Final.jar:/Users/johnbrixpomoy/.m2/repository/io/netty/netty-transport/4.1.119.Final/netty-transport-4.1.119.Final.jar:/Users/johnbrixpomoy/.m2/repository/io/netty/netty-codec/4.1.119.Final/netty-codec-4.1.119.Final.jar:/Users/johnbrixpomoy/.m2/repository/io/netty/netty-codec-http2/4.1.119.Final/netty-codec-http2-4.1.119.Final.jar:/Users/johnbrixpomoy/.m2/repository/io/netty/netty-resolver-dns/4.1.119.Final/netty-resolver-dns-4.1.119.Final.jar:/Users/johnbrixpomoy/.m2/repository/io/netty/netty-resolver/4.1.119.Final/netty-resolver-4.1.119.Final.jar:/Users/johnbrixpomoy/.m2/repository/io/netty/netty-codec-dns/4.1.119.Final/netty-codec-dns-4.1.119.Final.jar:/Users/johnbrixpomoy/.m2/repository/io/netty/netty-resolver-dns-native-macos/4.1.119.Final/netty-resolver-dns-native-macos-4.1.119.Final-osx-x86_64.jar:/Users/johnbrixpomoy/.m2/repository/io/netty/netty-resolver-dns-classes-macos/4.1.119.Final/netty-resolver-dns-classes-macos-4.1.119.Final.jar:/Users/johnbrixpomoy/.m2/repository/io/netty/netty-transport-native-epoll/4.1.119.Final/netty-transport-native-epoll-4.1.119.Final-linux-x86_64.jar:/Users/johnbrixpomoy/.m2/repository/io/netty/netty-transport-native-unix-common/4.1.119.Final/netty-transport-native-unix-common-4.1.119.Final.jar:/Users/johnbrixpomoy/.m2/repository/io/netty/netty-transport-classes-epoll/4.1.119.Final/netty-transport-classes-epoll-4.1.119.Final.jar:/Users/johnbrixpomoy/.m2/repository/org/springframework/spring-web/6.2.6/spring-web-6.2.6.jar:/Users/johnbrixpomoy/.m2/repository/org/springframework/spring-webflux/6.2.6/spring-webflux-6.2.6.jar:/Users/johnbrixpomoy/.m2/repository/org/springframework/boot/spring-boot-starter-actuator/3.4.5/spring-boot-starter-actuator-3.4.5.jar:/Users/johnbrixpomoy/.m2/repository/org/springframework/boot/spring-boot-actuator-autoconfigure/3.4.5/spring-boot-actuator-autoconfigure-3.4.5.jar:/Users/johnbrixpomoy/.m2/repository/org/springframework/boot/spring-boot-actuator/3.4.5/spring-boot-actuator-3.4.5.jar:/Users/johnbrixpomoy/.m2/repository/io/micrometer/micrometer-observation/1.14.6/micrometer-observation-1.14.6.jar:/Users/johnbrixpomoy/.m2/repository/io/micrometer/micrometer-commons/1.14.6/micrometer-commons-1.14.6.jar:/Users/johnbrixpomoy/.m2/repository/io/micrometer/micrometer-jakarta9/1.14.6/micrometer-jakarta9-1.14.6.jar:/Users/johnbrixpomoy/.m2/repository/io/micrometer/micrometer-core/1.14.6/micrometer-core-1.14.6.jar:/Users/johnbrixpomoy/.m2/repository/org/hdrhistogram/HdrHistogram/2.2.2/HdrHistogram-2.2.2.jar:/Users/johnbrixpomoy/.m2/repository/org/latencyutils/LatencyUtils/2.0.3/LatencyUtils-2.0.3.jar:/Users/johnbrixpomoy/.m2/repository/io/reactivex/rxjava3/rxjava/3.1.2/rxjava-3.1.2.jar:/Users/johnbrixpomoy/.m2/repository/org/reactivestreams/reactive-streams/1.0.4/reactive-streams-1.0.4.jar:/Users/johnbrixpomoy/.m2/repository/io/projectreactor/reactor-test/3.2.3.RELEASE/reactor-test-3.2.3.RELEASE.jar:/Users/johnbrixpomoy/.m2/repository/io/projectreactor/reactor-core/3.7.5/reactor-core-3.7.5.jar:/Users/johnbrixpomoy/.m2/repository/io/projectreactor/addons/reactor-adapter/3.5.2/reactor-adapter-3.5.2.jar:/Users/johnbrixpomoy/.m2/repository/com/github/tomakehurst/wiremock-jre8/2.35.0/wiremock-jre8-2.35.0.jar:/Users/johnbrixpomoy/.m2/repository/org/eclipse/jetty/jetty-server/12.0.19/jetty-server-12.0.19.jar:/Users/johnbrixpomoy/.m2/repository/org/eclipse/jetty/jetty-http/12.0.19/jetty-http-12.0.19.jar:/Users/johnbrixpomoy/.m2/repository/org/eclipse/jetty/jetty-io/12.0.19/jetty-io-12.0.19.jar:/Users/johnbrixpomoy/.m2/repository/org/eclipse/jetty/jetty-servlet/9.4.49.v20220914/jetty-servlet-9.4.49.v20220914.jar:/Users/johnbrixpomoy/.m2/repository/org/eclipse/jetty/jetty-security/12.0.19/jetty-security-12.0.19.jar:/Users/johnbrixpomoy/.m2/repository/org/eclipse/jetty/jetty-util-ajax/12.0.19/jetty-util-ajax-12.0.19.jar:/Users/johnbrixpomoy/.m2/repository/org/eclipse/jetty/jetty-servlets/9.4.49.v20220914/jetty-servlets-9.4.49.v20220914.jar:/Users/johnbrixpomoy/.m2/repository/org/eclipse/jetty/jetty-continuation/9.4.49.v20220914/jetty-continuation-9.4.49.v20220914.jar:/Users/johnbrixpomoy/.m2/repository/org/eclipse/jetty/jetty-util/12.0.19/jetty-util-12.0.19.jar:/Users/johnbrixpomoy/.m2/repository/org/eclipse/jetty/jetty-webapp/9.4.49.v20220914/jetty-webapp-9.4.49.v20220914.jar:/Users/johnbrixpomoy/.m2/repository/org/eclipse/jetty/jetty-xml/12.0.19/jetty-xml-12.0.19.jar:/Users/johnbrixpomoy/.m2/repository/org/eclipse/jetty/jetty-proxy/12.0.19/jetty-proxy-12.0.19.jar:/Users/johnbrixpomoy/.m2/repository/org/eclipse/jetty/jetty-client/12.0.19/jetty-client-12.0.19.jar:/Users/johnbrixpomoy/.m2/repository/org/eclipse/jetty/http2/http2-server/9.4.49.v20220914/http2-server-9.4.49.v20220914.jar:/Users/johnbrixpomoy/.m2/repository/org/eclipse/jetty/http2/http2-common/9.4.49.v20220914/http2-common-9.4.49.v20220914.jar:/Users/johnbrixpomoy/.m2/repository/org/eclipse/jetty/http2/http2-hpack/9.4.49.v20220914/http2-hpack-9.4.49.v20220914.jar:/Users/johnbrixpomoy/.m2/repository/org/eclipse/jetty/jetty-alpn-server/12.0.19/jetty-alpn-server-12.0.19.jar:/Users/johnbrixpomoy/.m2/repository/org/eclipse/jetty/jetty-alpn-java-server/12.0.19/jetty-alpn-java-server-12.0.19.jar:/Users/johnbrixpomoy/.m2/repository/org/eclipse/jetty/jetty-alpn-openjdk8-server/9.4.49.v20220914/jetty-alpn-openjdk8-server-9.4.49.v20220914.jar:/Users/johnbrixpomoy/.m2/repository/org/eclipse/jetty/jetty-alpn-java-client/12.0.19/jetty-alpn-java-client-12.0.19.jar:/Users/johnbrixpomoy/.m2/repository/org/eclipse/jetty/jetty-alpn-client/12.0.19/jetty-alpn-client-12.0.19.jar:/Users/johnbrixpomoy/.m2/repository/org/eclipse/jetty/jetty-alpn-openjdk8-client/9.4.49.v20220914/jetty-alpn-openjdk8-client-9.4.49.v20220914.jar:/Users/johnbrixpomoy/.m2/repository/com/google/guava/guava/31.1-jre/guava-31.1-jre.jar:/Users/johnbrixpomoy/.m2/repository/com/google/guava/failureaccess/1.0.1/failureaccess-1.0.1.jar:/Users/johnbrixpomoy/.m2/repository/com/google/guava/listenablefuture/9999.0-empty-to-avoid-conflict-with-guava/listenablefuture-9999.0-empty-to-avoid-conflict-with-guava.jar:/Users/johnbrixpomoy/.m2/repository/com/google/code/findbugs/jsr305/3.0.2/jsr305-3.0.2.jar:/Users/johnbrixpomoy/.m2/repository/org/checkerframework/checker-qual/3.12.0/checker-qual-3.12.0.jar:/Users/johnbrixpomoy/.m2/repository/com/google/errorprone/error_prone_annotations/2.11.0/error_prone_annotations-2.11.0.jar:/Users/johnbrixpomoy/.m2/repository/com/google/j2objc/j2objc-annotations/1.3/j2objc-annotations-1.3.jar:/Users/johnbrixpomoy/.m2/repository/com/fasterxml/jackson/core/jackson-core/2.18.3/jackson-core-2.18.3.jar:/Users/johnbrixpomoy/.m2/repository/com/fasterxml/jackson/core/jackson-annotations/2.18.3/jackson-annotations-2.18.3.jar:/Users/johnbrixpomoy/.m2/repository/com/fasterxml/jackson/core/jackson-databind/2.18.3/jackson-databind-2.18.3.jar:/Users/johnbrixpomoy/.m2/repository/org/apache/httpcomponents/client5/httpclient5/5.4.3/httpclient5-5.4.3.jar:/Users/johnbrixpomoy/.m2/repository/org/apache/httpcomponents/core5/httpcore5/5.3.4/httpcore5-5.3.4.jar:/Users/johnbrixpomoy/.m2/repository/org/apache/httpcomponents/core5/httpcore5-h2/5.3.4/httpcore5-h2-5.3.4.jar:/Users/johnbrixpomoy/.m2/repository/org/xmlunit/xmlunit-legacy/2.10.0/xmlunit-legacy-2.10.0.jar:/Users/johnbrixpomoy/.m2/repository/org/xmlunit/xmlunit-placeholders/2.10.0/xmlunit-placeholders-2.10.0.jar:/Users/johnbrixpomoy/.m2/repository/net/javacrumbs/json-unit/json-unit-core/2.36.0/json-unit-core-2.36.0.jar:/Users/johnbrixpomoy/.m2/repository/org/hamcrest/hamcrest-core/2.2/hamcrest-core-2.2.jar:/Users/johnbrixpomoy/.m2/repository/org/ow2/asm/asm/9.4/asm-9.4.jar:/Users/johnbrixpomoy/.m2/repository/net/sf/jopt-simple/jopt-simple/5.0.4/jopt-simple-5.0.4.jar:/Users/johnbrixpomoy/.m2/repository/org/apache/commons/commons-lang3/3.17.0/commons-lang3-3.17.0.jar:/Users/johnbrixpomoy/.m2/repository/com/github/jknack/handlebars/4.3.1/handlebars-4.3.1.jar:/Users/johnbrixpomoy/.m2/repository/com/github/jknack/handlebars-helpers/4.3.1/handlebars-helpers-4.3.1.jar:/Users/johnbrixpomoy/.m2/repository/commons-fileupload/commons-fileupload/1.4/commons-fileupload-1.4.jar:/Users/johnbrixpomoy/.m2/repository/commons-io/commons-io/2.11.0/commons-io-2.11.0.jar:/Users/johnbrixpomoy/.m2/repository/org/springframework/boot/spring-boot-starter-data-r2dbc/3.4.5/spring-boot-starter-data-r2dbc-3.4.5.jar:/Users/johnbrixpomoy/.m2/repository/org/springframework/data/spring-data-r2dbc/3.4.5/spring-data-r2dbc-3.4.5.jar:/Users/johnbrixpomoy/.m2/repository/org/springframework/data/spring-data-relational/3.4.5/spring-data-relational-3.4.5.jar:/Users/johnbrixpomoy/.m2/repository/org/springframework/spring-r2dbc/6.2.6/spring-r2dbc-6.2.6.jar:/Users/johnbrixpomoy/.m2/repository/io/r2dbc/r2dbc-spi/1.0.0.RELEASE/r2dbc-spi-1.0.0.RELEASE.jar:/Users/johnbrixpomoy/.m2/repository/io/r2dbc/r2dbc-pool/1.0.2.RELEASE/r2dbc-pool-1.0.2.RELEASE.jar:/Users/johnbrixpomoy/.m2/repository/io/projectreactor/addons/reactor-pool/1.1.2/reactor-pool-1.1.2.jar:/Users/johnbrixpomoy/.m2/repository/dev/miku/r2dbc-mysql/0.8.2.RELEASE/r2dbc-mysql-0.8.2.RELEASE.jar:/Users/johnbrixpomoy/.m2/repository/io/projectreactor/addons/reactor-extra/3.5.2/reactor-extra-3.5.2.jar:/Users/johnbrixpomoy/.m2/repository/io/projectreactor/netty/reactor-netty/1.2.5/reactor-netty-1.2.5.jar:/Users/johnbrixpomoy/.m2/repository/io/projectreactor/netty/reactor-netty-core/1.2.5/reactor-netty-core-1.2.5.jar:/Users/johnbrixpomoy/.m2/repository/io/netty/netty-handler/4.1.119.Final/netty-handler-4.1.119.Final.jar:/Users/johnbrixpomoy/.m2/repository/io/netty/netty-handler-proxy/4.1.119.Final/netty-handler-proxy-4.1.119.Final.jar:/Users/johnbrixpomoy/.m2/repository/io/netty/netty-codec-socks/4.1.119.Final/netty-codec-socks-4.1.119.Final.jar:/Users/johnbrixpomoy/.m2/repository/io/projectreactor/netty/incubator/reactor-netty-incubator-quic/0.2.5/reactor-netty-incubator-quic-0.2.5.jar:/Users/johnbrixpomoy/.m2/repository/io/netty/incubator/netty-incubator-codec-native-quic/0.0.71.Final/netty-incubator-codec-native-quic-0.0.71.Final-linux-x86_64.jar:/Users/johnbrixpomoy/.m2/repository/io/netty/incubator/netty-incubator-codec-classes-quic/0.0.71.Final/netty-incubator-codec-classes-quic-0.0.71.Final.jar:/Users/johnbrixpomoy/.m2/repository/org/mapstruct/mapstruct/1.5.5.Final/mapstruct-1.5.5.Final.jar:/Users/johnbrixpomoy/.m2/repository/org/mapstruct/mapstruct-processor/1.5.5.Final/mapstruct-processor-1.5.5.Final.jar:/Users/johnbrixpomoy/.m2/repository/org/mapstruct/mapstruct-jdk8/1.5.5.Final/mapstruct-jdk8-1.5.5.Final.jar:/Users/johnbrixpomoy/.m2/repository/org/projectlombok/lombok-mapstruct-binding/0.2.0/lombok-mapstruct-binding-0.2.0.jar:/Users/johnbrixpomoy/.m2/repository/ch/qos/logback/logback-classic/1.5.18/logback-classic-1.5.18.jar:/Users/johnbrixpomoy/.m2/repository/ch/qos/logback/logback-core/1.5.18/logback-core-1.5.18.jar:/Users/johnbrixpomoy/.m2/repository/org/slf4j/slf4j-api/2.0.17/slf4j-api-2.0.17.jar:"/>
    <property name="sun.cpu.endian" value="little"/>
    <property name="user.home" value="/Users/johnbrixpomoy"/>
    <property name="user.language" value="en"/>
    <property name="java.specification.vendor" value="Oracle Corporation"/>
    <property name="java.version.date" value="2025-04-15"/>
    <property name="java.home" value="/Library/Java/JavaVirtualMachines/jdk-21.jdk/Contents/Home"/>
    <property name="file.separator" value="/"/>
    <property name="basedir" value="/Users/johnbrixpomoy/Documents/Github/spring-boot-webflux-boilerplate"/>
    <property name="java.vm.compressedOopsMode" value="Zero based"/>
    <property name="line.separator" value="&#10;"/>
    <property name="java.vm.specification.vendor" value="Oracle Corporation"/>
    <property name="java.specification.name" value="Java Platform API Specification"/>
    <property name="FILE_LOG_CHARSET" value="UTF-8"/>
    <property name="java.awt.headless" value="true"/>
    <property name="apple.awt.application.name" value="ForkedBooter"/>
    <property name="surefire.real.class.path" value="/Users/johnbrixpomoy/Documents/Github/spring-boot-webflux-boilerplate/target/surefire/surefirebooter5121612861168309205.jar"/>
    <property name="sun.management.compiler" value="HotSpot 64-Bit Tiered Compilers"/>
    <property name="ftp.nonProxyHosts" value="local|*.local|169.254/16|*.169.254/16"/>
    <property name="java.runtime.version" value="21.0.7+8-LTS-245"/>
    <property name="user.name" value="johnbrixpomoy"/>
    <property name="stdout.encoding" value="UTF-8"/>
    <property name="path.separator" value=":"/>
    <property name="os.version" value="15.1"/>
    <property name="java.runtime.name" value="Java(TM) SE Runtime Environment"/>
    <property name="file.encoding" value="UTF-8"/>
    <property name="java.vm.name" value="Java HotSpot(TM) 64-Bit Server VM"/>
    <property name="localRepository" value="/Users/johnbrixpomoy/.m2/repository"/>
    <property name="java.vendor.url.bug" value="https://bugreport.java.com/bugreport/"/>
    <property name="java.io.tmpdir" value="/var/folders/mf/jvxmtyc51p52l1cy3837pvhh0000gn/T/"/>
    <property name="idea.version" value="2025.1"/>
    <property name="java.version" value="21.0.7"/>
    <property name="user.dir" value="/Users/johnbrixpomoy/Documents/Github/spring-boot-webflux-boilerplate"/>
    <property name="os.arch" value="aarch64"/>
    <property name="java.vm.specification.name" value="Java Virtual Machine Specification"/>
    <property name="PID" value="30754"/>
    <property name="CONSOLE_LOG_CHARSET" value="UTF-8"/>
    <property name="native.encoding" value="UTF-8"/>
    <property name="java.library.path" value="/Users/johnbrixpomoy/Library/Java/Extensions:/Library/Java/Extensions:/Network/Library/Java/Extensions:/System/Library/Java/Extensions:/usr/lib/java:."/>
    <property name="java.vm.info" value="mixed mode, sharing"/>
    <property name="stderr.encoding" value="UTF-8"/>
    <property name="java.vendor" value="Oracle Corporation"/>
    <property name="java.vm.version" value="21.0.7+8-LTS-245"/>
    <property name="sun.io.unicode.encoding" value="UnicodeBig"/>
    <property name="socksNonProxyHosts" value="local|*.local|169.254/16|*.169.254/16"/>
    <property name="java.class.version" value="65.0"/>
    <property name="LOGGED_APPLICATION_NAME" value="[Boileplate-for-Reactive-Programming] "/>
  </properties>
  <testcase name="createPersonTest" classname="com.webflux.boilerplate.controller.PersonControllerTest" time="0.26">
    <system-out><![CDATA[2025-05-21 04:21:34 [Request-ID: ] [main] INFO  o.s.t.c.s.AnnotationConfigContextLoaderUtils - Could not detect default configuration classes for test class [com.webflux.boilerplate.controller.PersonControllerTest]: PersonControllerTest does not declare any static, non-private, non-final, nested classes annotated with @Configuration.
2025-05-21 04:21:34 [Request-ID: ] [main] INFO  o.s.b.t.c.SpringBootTestContextBootstrapper - Found @SpringBootConfiguration com.webflux.boilerplate.MainApplication for test class com.webflux.boilerplate.controller.PersonControllerTest

  .   ____          _            __ _ _
 /\\ / ___'_ __ _ _(_)_ __  __ _ \ \ \ \
( ( )\___ | '_ | '_| | '_ \/ _` | \ \ \ \
 \\/  ___)| |_)| | | | | || (_| |  ) ) ) )
  '  |____| .__|_| |_|_| |_\__, | / / / /
 =========|_|==============|___/=/_/_/_/

 :: Spring Boot ::                (v3.4.5)

2025-05-21 04:21:34 [Request-ID: ] [main] INFO  c.w.b.c.PersonControllerTest - Starting PersonControllerTest using Java 21.0.7 with PID 30754 (started by johnbrixpomoy in /Users/johnbrixpomoy/Documents/Github/spring-boot-webflux-boilerplate)
2025-05-21 04:21:34 [Request-ID: ] [main] INFO  c.w.b.c.PersonControllerTest - The following 1 profile is active: "local"
2025-05-21 04:21:36 [Request-ID: ] [main] INFO  c.w.b.c.PersonControllerTest - Started PersonControllerTest in 2.074 seconds (process running for 2.875)
2025-05-21 04:21:36 [Request-ID: 22b0f688-96fd-4c7a-9763-0159fd3eebd9] [parallel-1] INFO  c.w.b.controller.PersonController - HttpRequest: HttpPersonRequest(userId=1, firstName=foo, lastName=bar, middleName=f)
2025-05-21 04:21:36 [Request-ID: 22b0f688-96fd-4c7a-9763-0159fd3eebd9] [parallel-1] INFO  c.w.b.controller.PersonController - HttpPersonResponse: HttpPersonResponse(message=success, status=0, description=success, isSuccess=true, resultCode=null)
]]></system-out>
    <system-err><![CDATA[Mockito is currently self-attaching to enable the inline-mock-maker. This will no longer work in future releases of the JDK. Please add Mockito as an agent to your build what is described in Mockito's documentation: https://javadoc.io/doc/org.mockito/mockito-core/latest/org/mockito/Mockito.html#0.3
WARNING: A Java agent has been loaded dynamically (/Users/johnbrixpomoy/.m2/repository/net/bytebuddy/byte-buddy-agent/1.15.11/byte-buddy-agent-1.15.11.jar)
WARNING: If a serviceability tool is in use, please run with -XX:+EnableDynamicAgentLoading to hide this warning
WARNING: If a serviceability tool is not in use, please run with -Djdk.instrument.traceUsage for more information
WARNING: Dynamic loading of agents will be disallowed by default in a future release
]]></system-err>
  </testcase>
  <testcase name="getPersonTest" classname="com.webflux.boilerplate.controller.PersonControllerTest" time="0.016">
    <system-out><![CDATA[2025-05-21 04:21:36 [Request-ID: 58cf0cc8-3daa-4b12-bc03-14ed97cabaa0] [parallel-2] INFO  c.w.b.controller.PersonController - HttpID: 123
2025-05-21 04:21:36 [Request-ID: 58cf0cc8-3daa-4b12-bc03-14ed97cabaa0] [parallel-2] INFO  c.w.b.controller.PersonController - HttpPersonResponse: HttpPersonResponse(message=success, status=0, description=success, isSuccess=true, resultCode=null)
]]></system-out>
  </testcase>
</testsuite>